<?xml version="1.0" encoding="UTF-8"?>
<!-- Generated by org.testng.reporters.JUnitXMLReporter -->
<testsuite ignored="0" hostname="Luna" failures="0" tests="11" name="Surefire test" time="0.068" errors="0" timestamp="2022-07-28T19:39:22 EEST">
  <testcase classname="PraktikumTest" name="shouldReturnFalseForEmptyString" time="0.008"/>
  <testcase classname="PraktikumTest" name="shouldReturnFalseForTwentyCharsInString" time="0.0"/>
  <testcase classname="PraktikumTest" name="shouldReturnFalseForTwoCharsString" time="0.0"/>
  <testcase classname="PraktikumTest" name="shouldReturnFalseStringWithSpaceAtTheBeginning" time="0.0"/>
  <testcase classname="PraktikumTest" name="shouldReturnFalseStringWithSpaceAtTheEnd" time="0.0"/>
  <testcase classname="PraktikumTest" name="shouldReturnFalseStringWithTwoSpaceInTheMiddle" time="0.0"/>
  <testcase classname="PraktikumTest" name="shouldReturnFalseStringWithoutSpace" time="0.0"/>
  <testcase classname="PraktikumTest" name="shouldReturnTrueForEighteenCharsInCorrectString" time="0.0"/>
  <testcase classname="PraktikumTest" name="shouldReturnTrueForFourCharsInCorrectString" time="0.0"/>
  <testcase classname="PraktikumTest" name="shouldReturnTrueForNineteenCharsInCorrectString" time="0.0"/>
  <testcase classname="PraktikumTest" name="shouldReturnTrueForThreeCharsInCorrectString" time="0.0"/>
</testsuite> <!-- Surefire test -->
